<?xml version="1.0" encoding="UTF-8"?>
<!-- Generated by org.testng.reporters.JUnitReportReporter -->
<testsuite name="baba.EmailMethods" tests="4" time="64.017" ignored="0" failures="0" timestamp="06 Jun 2019 12:18:03 GMT" skipped="0" hostname="DESKTOP-5JI0NAQ" errors="0">
  <testcase name="method1" time="48.036" classname="baba.EmailMethods"/>
  <testcase name="method3" time="5.087" classname="baba.EmailMethods"/>
  <testcase name="method4" time="2.146" classname="baba.EmailMethods"/>
  <testcase name="method2" time="8.748" classname="baba.EmailMethods"/>
</testsuite> <!-- baba.EmailMethods -->
