<?xml version="1.0" encoding="UTF-8"?>
<!-- Generated by org.testng.reporters.JUnitReportReporter -->
<testsuite name="baba.GmailMethods" tests="4" time="88.656" ignored="0" failures="0" timestamp="06 Jun 2019 12:05:20 GMT" skipped="0" hostname="DESKTOP-5JI0NAQ" errors="0">
  <testcase name="g" time="9.754" classname="baba.GmailMethods"/>
  <testcase name="f" time="71.484" classname="baba.GmailMethods"/>
  <testcase name="i" time="2.295" classname="baba.GmailMethods"/>
  <testcase name="h" time="5.123" classname="baba.GmailMethods"/>
</testsuite> <!-- baba.GmailMethods -->
